<?xml version="1.0" encoding="UTF-8"?>
<testng-results skipped="4" failed="0" total="5" passed="1">
  <reporter-output>
  </reporter-output>
  <suite name="Default suite" duration-ms="10799" started-at="2021-05-03T11:57:54Z" finished-at="2021-05-03T11:58:04Z">
    <groups>
    </groups>
    <test name="Default test" duration-ms="10799" started-at="2021-05-03T11:57:54Z" finished-at="2021-05-03T11:58:04Z">
      <class name="org.web.automation.testcases.TC01_Registration">
        <test-method status="PASS" signature="startBrowser()[pri:0, instance:org.web.automation.testcases.TC01_Registration@2ac273d3]" name="startBrowser" is-config="true" duration-ms="6284" started-at="2021-05-03T17:27:54Z" finished-at="2021-05-03T17:28:01Z">
          <reporter-output>
          </reporter-output>
        </test-method> <!-- startBrowser -->
        <test-method status="PASS" signature="TC01(java.lang.String, java.lang.String)[pri:0, instance:org.web.automation.testcases.TC01_Registration@2ac273d3]" name="TC01" duration-ms="728" started-at="2021-05-03T17:28:01Z" data-provider="Excel" finished-at="2021-05-03T17:28:01Z">
          <params>
            <param index="0">
              <value>
                <![CDATA[uname1]]>
              </value>
            </param>
            <param index="1">
              <value>
                <![CDATA[pass1]]>
              </value>
            </param>
          </params>
          <reporter-output>
          </reporter-output>
        </test-method> <!-- TC01 -->
        <test-method status="FAIL" signature="startBrowser()[pri:0, instance:org.web.automation.testcases.TC01_Registration@2ac273d3]" name="startBrowser" is-config="true" duration-ms="0" started-at="2021-05-03T17:28:01Z" finished-at="2021-05-03T17:28:01Z">
          <exception class="org.openqa.selenium.WebDriverException">
            <message>
              <![CDATA[unknown error: cannot determine loading status
from disconnected: received Inspector.detached event
  (Session info: chrome=90.0.4430.93)
  (Driver info: chromedriver=90.0.4430.24 (4c6d850f087da467d926e8eddb76550aed655991-refs/branch-heads/4430@{#429}),platform=Windows NT 6.3.9600 x86_64) (WARNING: The server did not provide any stacktrace information)
Command duration or timeout: 1.32 seconds
Build info: version: '2.53.0', revision: '35ae25b', time: '2016-03-15 16:57:40'
System info: host: 'Leena-PC', ip: '192.168.56.1', os.name: 'Windows 8.1', os.arch: 'amd64', os.version: '6.3', java.version: '1.8.0_102'
Driver info: org.openqa.selenium.chrome.ChromeDriver
Capabilities [{mobileEmulationEnabled=false, timeouts={implicit=0, pageLoad=300000, script=30000}, hasTouchScreen=false, platform=XP, acceptSslCerts=false, goog:chromeOptions={debuggerAddress=localhost:54337}, acceptInsecureCerts=false, webStorageEnabled=true, browserName=chrome, takesScreenshot=true, javascriptEnabled=true, setWindowRect=true, webauthn:extension:largeBlob=true, unexpectedAlertBehaviour=ignore, applicationCacheEnabled=false, rotatable=false, networkConnectionEnabled=false, chrome={chromedriverVersion=90.0.4430.24 (4c6d850f087da467d926e8eddb76550aed655991-refs/branch-heads/4430@{#429}), userDataDir=C:\Users\Leena\AppData\Local\Temp\scoped_dir27544_339136579}, takesHeapSnapshot=true, pageLoadStrategy=normal, strictFileInteractability=false, databaseEnabled=false, handlesAlerts=true, version=90.0.4430.93, browserConnectionEnabled=false, proxy={}, nativeEvents=true, locationContextEnabled=true, cssSelectorsEnabled=true, webauthn:virtualAuthenticators=true}]
Session ID: 46977000c530734872b91571069391f7]]>
            </message>
            <full-stacktrace>
              <![CDATA[org.openqa.selenium.WebDriverException: unknown error: cannot determine loading status
from disconnected: received Inspector.detached event
  (Session info: chrome=90.0.4430.93)
  (Driver info: chromedriver=90.0.4430.24 (4c6d850f087da467d926e8eddb76550aed655991-refs/branch-heads/4430@{#429}),platform=Windows NT 6.3.9600 x86_64) (WARNING: The server did not provide any stacktrace information)
Command duration or timeout: 1.32 seconds
Build info: version: '2.53.0', revision: '35ae25b', time: '2016-03-15 16:57:40'
System info: host: 'Leena-PC', ip: '192.168.56.1', os.name: 'Windows 8.1', os.arch: 'amd64', os.version: '6.3', java.version: '1.8.0_102'
Driver info: org.openqa.selenium.chrome.ChromeDriver
Capabilities [{mobileEmulationEnabled=false, timeouts={implicit=0, pageLoad=300000, script=30000}, hasTouchScreen=false, platform=XP, acceptSslCerts=false, goog:chromeOptions={debuggerAddress=localhost:54337}, acceptInsecureCerts=false, webStorageEnabled=true, browserName=chrome, takesScreenshot=true, javascriptEnabled=true, setWindowRect=true, webauthn:extension:largeBlob=true, unexpectedAlertBehaviour=ignore, applicationCacheEnabled=false, rotatable=false, networkConnectionEnabled=false, chrome={chromedriverVersion=90.0.4430.24 (4c6d850f087da467d926e8eddb76550aed655991-refs/branch-heads/4430@{#429}), userDataDir=C:\Users\Leena\AppData\Local\Temp\scoped_dir27544_339136579}, takesHeapSnapshot=true, pageLoadStrategy=normal, strictFileInteractability=false, databaseEnabled=false, handlesAlerts=true, version=90.0.4430.93, browserConnectionEnabled=false, proxy={}, nativeEvents=true, locationContextEnabled=true, cssSelectorsEnabled=true, webauthn:virtualAuthenticators=true}]
Session ID: 46977000c530734872b91571069391f7
	at sun.reflect.NativeConstructorAccessorImpl.newInstance0(Native Method)
	at sun.reflect.NativeConstructorAccessorImpl.newInstance(NativeConstructorAccessorImpl.java:62)
	at sun.reflect.DelegatingConstructorAccessorImpl.newInstance(DelegatingConstructorAccessorImpl.java:45)
	at java.lang.reflect.Constructor.newInstance(Constructor.java:423)
	at org.openqa.selenium.remote.ErrorHandler.createThrowable(ErrorHandler.java:206)
	at org.openqa.selenium.remote.ErrorHandler.throwIfResponseFailed(ErrorHandler.java:158)
	at org.openqa.selenium.remote.RemoteWebDriver.execute(RemoteWebDriver.java:678)
	at org.openqa.selenium.remote.RemoteWebDriver.get(RemoteWebDriver.java:316)
	at org.web.automation.base.InitiateDriver.startBrowser(InitiateDriver.java:41)
	at sun.reflect.NativeMethodAccessorImpl.invoke0(Native Method)
	at sun.reflect.NativeMethodAccessorImpl.invoke(NativeMethodAccessorImpl.java:62)
	at sun.reflect.DelegatingMethodAccessorImpl.invoke(DelegatingMethodAccessorImpl.java:43)
	at java.lang.reflect.Method.invoke(Method.java:498)
	at org.testng.internal.MethodInvocationHelper.invokeMethod(MethodInvocationHelper.java:85)
	at org.testng.internal.Invoker.invokeConfigurationMethod(Invoker.java:510)
	at org.testng.internal.Invoker.invokeConfigurations(Invoker.java:211)
	at org.testng.internal.Invoker.invokeMethod(Invoker.java:585)
	at org.testng.internal.Invoker.invokeTestMethod(Invoker.java:816)
	at org.testng.internal.Invoker.invokeTestMethods(Invoker.java:1124)
	at org.testng.internal.TestMethodWorker.invokeTestMethods(TestMethodWorker.java:125)
	at org.testng.internal.TestMethodWorker.run(TestMethodWorker.java:108)
	at org.testng.TestRunner.privateRun(TestRunner.java:774)
	at org.testng.TestRunner.run(TestRunner.java:624)
	at org.testng.SuiteRunner.runTest(SuiteRunner.java:359)
	at org.testng.SuiteRunner.runSequentially(SuiteRunner.java:354)
	at org.testng.SuiteRunner.privateRun(SuiteRunner.java:312)
	at org.testng.SuiteRunner.run(SuiteRunner.java:261)
	at org.testng.SuiteRunnerWorker.runSuite(SuiteRunnerWorker.java:52)
	at org.testng.SuiteRunnerWorker.run(SuiteRunnerWorker.java:86)
	at org.testng.TestNG.runSuitesSequentially(TestNG.java:1215)
	at org.testng.TestNG.runSuitesLocally(TestNG.java:1140)
	at org.testng.TestNG.run(TestNG.java:1048)
	at org.testng.remote.AbstractRemoteTestNG.run(AbstractRemoteTestNG.java:132)
	at org.testng.remote.RemoteTestNG.initAndRun(RemoteTestNG.java:236)
	at org.testng.remote.RemoteTestNG.main(RemoteTestNG.java:81)
]]>
            </full-stacktrace>
          </exception> <!-- org.openqa.selenium.WebDriverException -->
          <reporter-output>
          </reporter-output>
        </test-method> <!-- startBrowser -->
        <test-method status="PASS" signature="closeBrowser()[pri:0, instance:org.web.automation.testcases.TC01_Registration@2ac273d3]" name="closeBrowser" is-config="true" duration-ms="0" started-at="2021-05-03T17:28:01Z" finished-at="2021-05-03T17:28:01Z">
          <reporter-output>
          </reporter-output>
        </test-method> <!-- closeBrowser -->
        <test-method status="SKIP" signature="TC01(java.lang.String, java.lang.String)[pri:0, instance:org.web.automation.testcases.TC01_Registration@2ac273d3]" name="TC01" duration-ms="1" started-at="2021-05-03T17:28:04Z" data-provider="Excel" finished-at="2021-05-03T17:28:04Z">
          <params>
            <param index="0">
              <value>
                <![CDATA[uname2]]>
              </value>
            </param>
            <param index="1">
              <value>
                <![CDATA[pass2]]>
              </value>
            </param>
          </params>
          <reporter-output>
          </reporter-output>
        </test-method> <!-- TC01 -->
        <test-method status="SKIP" signature="closeBrowser()[pri:0, instance:org.web.automation.testcases.TC01_Registration@2ac273d3]" name="closeBrowser" is-config="true" duration-ms="0" started-at="2021-05-03T17:28:04Z" finished-at="2021-05-03T17:28:04Z">
          <reporter-output>
          </reporter-output>
        </test-method> <!-- closeBrowser -->
        <test-method status="SKIP" signature="startBrowser()[pri:0, instance:org.web.automation.testcases.TC01_Registration@2ac273d3]" name="startBrowser" is-config="true" duration-ms="0" started-at="2021-05-03T17:28:04Z" finished-at="2021-05-03T17:28:04Z">
          <reporter-output>
          </reporter-output>
        </test-method> <!-- startBrowser -->
        <test-method status="SKIP" signature="TC01(java.lang.String, java.lang.String)[pri:0, instance:org.web.automation.testcases.TC01_Registration@2ac273d3]" name="TC01" duration-ms="2" started-at="2021-05-03T17:28:04Z" data-provider="Excel" finished-at="2021-05-03T17:28:04Z">
          <params>
            <param index="0">
              <value>
                <![CDATA[uname3]]>
              </value>
            </param>
            <param index="1">
              <value>
                <![CDATA[pass3]]>
              </value>
            </param>
          </params>
          <reporter-output>
          </reporter-output>
        </test-method> <!-- TC01 -->
        <test-method status="SKIP" signature="closeBrowser()[pri:0, instance:org.web.automation.testcases.TC01_Registration@2ac273d3]" name="closeBrowser" is-config="true" duration-ms="0" started-at="2021-05-03T17:28:04Z" finished-at="2021-05-03T17:28:04Z">
          <reporter-output>
          </reporter-output>
        </test-method> <!-- closeBrowser -->
        <test-method status="SKIP" signature="startBrowser()[pri:0, instance:org.web.automation.testcases.TC01_Registration@2ac273d3]" name="startBrowser" is-config="true" duration-ms="0" started-at="2021-05-03T17:28:04Z" finished-at="2021-05-03T17:28:04Z">
          <reporter-output>
          </reporter-output>
        </test-method> <!-- startBrowser -->
        <test-method status="SKIP" signature="TC01(java.lang.String, java.lang.String)[pri:0, instance:org.web.automation.testcases.TC01_Registration@2ac273d3]" name="TC01" duration-ms="1" started-at="2021-05-03T17:28:04Z" data-provider="Excel" finished-at="2021-05-03T17:28:04Z">
          <params>
            <param index="0">
              <value>
                <![CDATA[uname4]]>
              </value>
            </param>
            <param index="1">
              <value>
                <![CDATA[pass4]]>
              </value>
            </param>
          </params>
          <reporter-output>
          </reporter-output>
        </test-method> <!-- TC01 -->
        <test-method status="SKIP" signature="closeBrowser()[pri:0, instance:org.web.automation.testcases.TC01_Registration@2ac273d3]" name="closeBrowser" is-config="true" duration-ms="0" started-at="2021-05-03T17:28:04Z" finished-at="2021-05-03T17:28:04Z">
          <reporter-output>
          </reporter-output>
        </test-method> <!-- closeBrowser -->
        <test-method status="SKIP" signature="startBrowser()[pri:0, instance:org.web.automation.testcases.TC01_Registration@2ac273d3]" name="startBrowser" is-config="true" duration-ms="0" started-at="2021-05-03T17:28:04Z" finished-at="2021-05-03T17:28:04Z">
          <reporter-output>
          </reporter-output>
        </test-method> <!-- startBrowser -->
        <test-method status="SKIP" signature="TC01(java.lang.String, java.lang.String)[pri:0, instance:org.web.automation.testcases.TC01_Registration@2ac273d3]" name="TC01" duration-ms="1" started-at="2021-05-03T17:28:04Z" data-provider="Excel" finished-at="2021-05-03T17:28:04Z">
          <params>
            <param index="0">
              <value>
                <![CDATA[uname5]]>
              </value>
            </param>
            <param index="1">
              <value>
                <![CDATA[pass5]]>
              </value>
            </param>
          </params>
          <reporter-output>
          </reporter-output>
        </test-method> <!-- TC01 -->
        <test-method status="SKIP" signature="closeBrowser()[pri:0, instance:org.web.automation.testcases.TC01_Registration@2ac273d3]" name="closeBrowser" is-config="true" duration-ms="0" started-at="2021-05-03T17:28:04Z" finished-at="2021-05-03T17:28:04Z">
          <reporter-output>
          </reporter-output>
        </test-method> <!-- closeBrowser -->
      </class> <!-- org.web.automation.testcases.TC01_Registration -->
    </test> <!-- Default test -->
  </suite> <!-- Default suite -->
</testng-results>
